-------------------------------------------------
Date: 15-06-2017 04:25:19
Bid ID: 26
Username: jack
Product ID: 10
Bid amount = R550
-------------------------------------------------
Date: 15-06-2017 04:25:38
Bid ID: 27
Username: mack
Product ID: 8
Bid amount = R350
-------------------------------------------------
Date: 16-06-2017 08:26:54
Bid ID: 28
Username: qmudge
Product ID: 21
Bid amount = R800
-------------------------------------------------
Date: 19-06-2017 08:12:49
Bid ID: 29
Username: qmudge
Product ID: 21
Bid amount = R900
-------------------------------------------------
Date: 20-06-2017 10:17:34
Bid ID: 30
Username: qmudge
Product ID: 21
Bid amount = R1000
